<?xml version="1.0" encoding="UTF-8"?>
<robot generator="Robot 6.0.2 (Python 3.11.2 on win32)" generated="20230314 15:19:31.606" rpa="false" schemaversion="3">
<suite id="s1" name="Teste" source="c:\Users\eduardonaves\Desktop\Robot\teste.robot">
<test id="s1-t1" name="Cenário 1: Acessando o HDM e fazer um Check Device em uma ONT" line="37">
<kw name="Abrir Site">
<kw name="Open Browser" library="SeleniumLibrary">
<arg>http://200.141.223.78:17025/hdm/</arg>
<arg>chrome</arg>
<doc>Opens a new browser instance to the optional ``url``.</doc>
<msg timestamp="20230314 15:19:31.806" level="INFO">Opening browser 'chrome' to base url 'http://200.141.223.78:17025/hdm/'.</msg>
<status status="PASS" starttime="20230314 15:19:31.805" endtime="20230314 15:19:50.287"/>
</kw>
<status status="PASS" starttime="20230314 15:19:31.804" endtime="20230314 15:19:50.287"/>
</kw>
<kw name="Preencher o login">
<kw name="Input Text" library="SeleniumLibrary">
<arg>${input_username}</arg>
<arg>mdasilva</arg>
<doc>Types the given ``text`` into the text field identified by ``locator``.</doc>
<msg timestamp="20230314 15:19:50.290" level="INFO">Typing text 'mdasilva' into text field '//*[@id="j_username"]'.</msg>
<status status="PASS" starttime="20230314 15:19:50.289" endtime="20230314 15:19:50.393"/>
</kw>
<kw name="Input Text" library="SeleniumLibrary">
<arg>${input_password}</arg>
<arg>140359mpBS@@@</arg>
<doc>Types the given ``text`` into the text field identified by ``locator``.</doc>
<msg timestamp="20230314 15:19:50.395" level="INFO">Typing text '140359mpBS@@@' into text field '//*[@id="j_password"]'.</msg>
<status status="PASS" starttime="20230314 15:19:50.394" endtime="20230314 15:19:50.499"/>
</kw>
<kw name="Select From List By Value" library="SeleniumLibrary">
<arg>${domain_list}</arg>
<arg>super-domain</arg>
<doc>Selects options from selection list ``locator`` by ``values``.</doc>
<msg timestamp="20230314 15:19:50.500" level="INFO">Selecting options from selection list '//select[@id="m_domain"]' by value super-domain.</msg>
<status status="PASS" starttime="20230314 15:19:50.500" endtime="20230314 15:19:50.583"/>
</kw>
<status status="PASS" starttime="20230314 15:19:50.288" endtime="20230314 15:19:50.584"/>
</kw>
<kw name="Clicar no botão login">
<kw name="Click Element" library="SeleniumLibrary">
<arg>${login_button}</arg>
<doc>Click the element identified by ``locator``.</doc>
<msg timestamp="20230314 15:19:50.585" level="INFO">Clicking element '//button[@class="hdm-button"]'.</msg>
<status status="PASS" starttime="20230314 15:19:50.585" endtime="20230314 15:19:54.645"/>
</kw>
<status status="PASS" starttime="20230314 15:19:50.584" endtime="20230314 15:19:54.645"/>
</kw>
<kw name="Clicar link com href">
<kw name="Click Element" library="SeleniumLibrary">
<arg>xpath://*[@id="mainTable"]/tbody/tr[2]/td/table/tbody/tr/td[1]/table/tbody/tr/td[4]/a</arg>
<doc>Click the element identified by ``locator``.</doc>
<msg timestamp="20230314 15:19:54.648" level="INFO">Clicking element 'xpath://*[@id="mainTable"]/tbody/tr[2]/td/table/tbody/tr/td[1]/table/tbody/tr/td[4]/a'.</msg>
<status status="PASS" starttime="20230314 15:19:54.647" endtime="20230314 15:20:05.550"/>
</kw>
<status status="PASS" starttime="20230314 15:19:54.646" endtime="20230314 15:20:05.551"/>
</kw>
<kw name="Selecionar Device">
<kw name="Click Element" library="SeleniumLibrary">
<arg>${search_profile}</arg>
<doc>Click the element identified by ``locator``.</doc>
<msg timestamp="20230314 15:20:05.553" level="INFO">Clicking element '//*[@id="filterTable"]/tbody/tr/td/div/table/tbody/tr/td/fieldset/legend/span'.</msg>
<status status="PASS" starttime="20230314 15:20:05.552" endtime="20230314 15:20:05.660"/>
</kw>
<kw name="Select From List By Label" library="SeleniumLibrary">
<arg>${find_serial}</arg>
<arg>Find Devices by Serial Number (super-domain)</arg>
<doc>Selects options from selection list ``locator`` by ``labels``.</doc>
<msg timestamp="20230314 15:20:05.661" level="INFO">Selecting options from selection list '//select[@id="searchProfile"]' by label Find Devices by Serial Number (super-domain).</msg>
<status status="PASS" starttime="20230314 15:20:05.660" endtime="20230314 15:20:05.748"/>
</kw>
<kw name="Input Text" library="SeleniumLibrary">
<arg>${input_serial}</arg>
<arg>ALCLFC43FC6B</arg>
<doc>Types the given ``text`` into the text field identified by ``locator``.</doc>
<msg timestamp="20230314 15:20:05.749" level="INFO">Typing text 'ALCLFC43FC6B' into text field '//input[@name="serialNumber"]'.</msg>
<status status="PASS" starttime="20230314 15:20:05.748" endtime="20230314 15:20:05.846"/>
</kw>
<status status="PASS" starttime="20230314 15:20:05.552" endtime="20230314 15:20:05.846"/>
</kw>
<status status="PASS" starttime="20230314 15:19:31.803" endtime="20230314 15:20:05.847"/>
</test>
<status status="PASS" starttime="20230314 15:19:31.614" endtime="20230314 15:20:05.848"/>
</suite>
<statistics>
<total>
<stat pass="1" fail="0" skip="0">All Tests</stat>
</total>
<tag>
</tag>
<suite>
<stat pass="1" fail="0" skip="0" id="s1" name="Teste">Teste</stat>
</suite>
</statistics>
<errors>
</errors>
</robot>
